Time: Mon Jul 15 2024 19:14:54 GMT+0300 (שעון ישראל (קיץ))
Message: Incorrect email or password.
Stack: undefined
---------------------------------------

Time: Mon Jul 15 2024 19:18:38 GMT+0300 (שעון ישראל (קיץ))
Message: Incorrect email or password.
Stack: undefined
---------------------------------------

Time: Mon Jul 15 2024 19:18:50 GMT+0300 (שעון ישראל (קיץ))
Message: Unknown database 'northwind2'
Stack: Error: Unknown database 'northwind2'
    at Packet.asError (C:\4578-99\2024-07-15\Secure Coding\Backend\node_modules\mysql2\lib\packets\packet.js:728:17)
    at ClientHandshake.execute (C:\4578-99\2024-07-15\Secure Coding\Backend\node_modules\mysql2\lib\commands\command.js:29:26)
    at PoolConnection.handlePacket (C:\4578-99\2024-07-15\Secure Coding\Backend\node_modules\mysql2\lib\connection.js:481:34)
    at PacketParser.onPacket (C:\4578-99\2024-07-15\Secure Coding\Backend\node_modules\mysql2\lib\connection.js:97:12)
    at PacketParser.executeStart (C:\4578-99\2024-07-15\Secure Coding\Backend\node_modules\mysql2\lib\packet_parser.js:75:16)
    at Socket.<anonymous> (C:\4578-99\2024-07-15\Secure Coding\Backend\node_modules\mysql2\lib\connection.js:104:25)
    at Socket.emit (node:events:519:28)
    at Socket.emit (node:domain:488:12)
    at addChunk (node:internal/streams/readable:559:12)
    at readableAddChunkPushByteMode (node:internal/streams/readable:510:3)
---------------------------------------

Time: Mon Jul 15 2024 19:18:55 GMT+0300 (שעון ישראל (קיץ))
Message: Unknown database 'northwind2'
Stack: Error: Unknown database 'northwind2'
    at Packet.asError (C:\4578-99\2024-07-15\Secure Coding\Backend\node_modules\mysql2\lib\packets\packet.js:728:17)
    at ClientHandshake.execute (C:\4578-99\2024-07-15\Secure Coding\Backend\node_modules\mysql2\lib\commands\command.js:29:26)
    at PoolConnection.handlePacket (C:\4578-99\2024-07-15\Secure Coding\Backend\node_modules\mysql2\lib\connection.js:481:34)
    at PacketParser.onPacket (C:\4578-99\2024-07-15\Secure Coding\Backend\node_modules\mysql2\lib\connection.js:97:12)
    at PacketParser.executeStart (C:\4578-99\2024-07-15\Secure Coding\Backend\node_modules\mysql2\lib\packet_parser.js:75:16)
    at Socket.<anonymous> (C:\4578-99\2024-07-15\Secure Coding\Backend\node_modules\mysql2\lib\connection.js:104:25)
    at Socket.emit (node:events:519:28)
    at Socket.emit (node:domain:488:12)
    at addChunk (node:internal/streams/readable:559:12)
    at readableAddChunkPushByteMode (node:internal/streams/readable:510:3)
---------------------------------------

Time: Mon Jul 15 2024 19:19:15 GMT+0300 (שעון ישראל (קיץ))
Message: getaddrinfo ENOTFOUND localhost2
Stack: Error: getaddrinfo ENOTFOUND localhost2
    at GetAddrInfoReqWrap.onlookupall [as oncomplete] (node:dns:120:26)
---------------------------------------

Time: Mon Jul 15 2024 19:19:21 GMT+0300 (שעון ישראל (קיץ))
Message: getaddrinfo ENOTFOUND localhost2
Stack: Error: getaddrinfo ENOTFOUND localhost2
    at GetAddrInfoReqWrap.onlookupall [as oncomplete] (node:dns:120:26)
---------------------------------------

Time: Mon Jul 15 2024 19:19:25 GMT+0300 (שעון ישראל (קיץ))
Message: getaddrinfo ENOTFOUND localhost2
Stack: Error: getaddrinfo ENOTFOUND localhost2
    at GetAddrInfoReqWrap.onlookupall [as oncomplete] (node:dns:120:26)
---------------------------------------

Time: Mon Jul 15 2024 19:19:31 GMT+0300 (שעון ישראל (קיץ))
Message: getaddrinfo ENOTFOUND localhost2
Stack: Error: getaddrinfo ENOTFOUND localhost2
    at GetAddrInfoReqWrap.onlookupall [as oncomplete] (node:dns:120:26)
---------------------------------------

Time: Mon Jul 15 2024 19:19:36 GMT+0300 (שעון ישראל (קיץ))
Message: getaddrinfo ENOTFOUND localhost2
Stack: Error: getaddrinfo ENOTFOUND localhost2
    at GetAddrInfoReqWrap.onlookupall [as oncomplete] (node:dns:120:26)
---------------------------------------

Time: Mon Jul 15 2024 19:52:32 GMT+0300 (שעון ישראל (קיץ))
Message: Incorrect email or password.
Stack: undefined
---------------------------------------

Time: Mon Jul 15 2024 20:37:55 GMT+0300 (שעון ישראל (קיץ))
Message: Incorrect email or password.
Stack: undefined
---------------------------------------

Time: Mon Jul 15 2024 20:43:43 GMT+0300 (שעון ישראל (קיץ))
Message: You have an error in your SQL syntax; check the manual that corresponds to your MySQL server version for the right syntax to use near '304e8d6db4772f3def166d59a997adcfa2de3ca6b000cd8294595a746faef18fce946a3dd8ef2b09' at line 1
Stack: Error: You have an error in your SQL syntax; check the manual that corresponds to your MySQL server version for the right syntax to use near '304e8d6db4772f3def166d59a997adcfa2de3ca6b000cd8294595a746faef18fce946a3dd8ef2b09' at line 1
    at Packet.asError (C:\4578-99\2024-07-15\Secure Coding\Backend\node_modules\mysql2\lib\packets\packet.js:728:17)
    at Query.execute (C:\4578-99\2024-07-15\Secure Coding\Backend\node_modules\mysql2\lib\commands\command.js:29:26)
    at PoolConnection.handlePacket (C:\4578-99\2024-07-15\Secure Coding\Backend\node_modules\mysql2\lib\connection.js:481:34)
    at PacketParser.onPacket (C:\4578-99\2024-07-15\Secure Coding\Backend\node_modules\mysql2\lib\connection.js:97:12)
    at PacketParser.executeStart (C:\4578-99\2024-07-15\Secure Coding\Backend\node_modules\mysql2\lib\packet_parser.js:75:16)
    at Socket.<anonymous> (C:\4578-99\2024-07-15\Secure Coding\Backend\node_modules\mysql2\lib\connection.js:104:25)
    at Socket.emit (node:events:519:28)
    at Socket.emit (node:domain:488:12)
    at addChunk (node:internal/streams/readable:559:12)
    at readableAddChunkPushByteMode (node:internal/streams/readable:510:3)
---------------------------------------

Time: Mon Jul 15 2024 21:04:35 GMT+0300 (שעון ישראל (קיץ))
Message: Route /favicon.ico on method GET not exist.
Stack: undefined
---------------------------------------

Time: Mon Nov 04 2024 19:08:47 GMT+0200 (שעון ישראל (חורף))
Message: Route / on method GET not exist.
Stack: undefined
---------------------------------------

Time: Mon Nov 04 2024 19:08:48 GMT+0200 (שעון ישראל (חורף))
Message: Route /favicon.ico on method GET not exist.
Stack: undefined
---------------------------------------

Time: Mon Nov 04 2024 19:09:11 GMT+0200 (שעון ישראל (חורף))
Message: Access denied for user 'root'@'localhost' (using password: YES)
Stack: Error: Access denied for user 'root'@'localhost' (using password: YES)
    at Packet.asError (C:\Users\Lior Bas\OneDrive\Desktop\project\Backend\node_modules\mysql2\lib\packets\packet.js:728:17)
    at ClientHandshake.execute (C:\Users\Lior Bas\OneDrive\Desktop\project\Backend\node_modules\mysql2\lib\commands\command.js:29:26)
    at PoolConnection.handlePacket (C:\Users\Lior Bas\OneDrive\Desktop\project\Backend\node_modules\mysql2\lib\connection.js:481:34)
    at PacketParser.onPacket (C:\Users\Lior Bas\OneDrive\Desktop\project\Backend\node_modules\mysql2\lib\connection.js:97:12)
    at PacketParser.executeStart (C:\Users\Lior Bas\OneDrive\Desktop\project\Backend\node_modules\mysql2\lib\packet_parser.js:75:16)
    at Socket.<anonymous> (C:\Users\Lior Bas\OneDrive\Desktop\project\Backend\node_modules\mysql2\lib\connection.js:104:25)
    at Socket.emit (node:events:518:28)
    at Socket.emit (node:domain:488:12)
    at addChunk (node:internal/streams/readable:559:12)
    at readableAddChunkPushByteMode (node:internal/streams/readable:510:3)
---------------------------------------

Time: Mon Nov 04 2024 19:09:19 GMT+0200 (שעון ישראל (חורף))
Message: Access denied for user 'root'@'localhost' (using password: YES)
Stack: Error: Access denied for user 'root'@'localhost' (using password: YES)
    at Packet.asError (C:\Users\Lior Bas\OneDrive\Desktop\project\Backend\node_modules\mysql2\lib\packets\packet.js:728:17)
    at ClientHandshake.execute (C:\Users\Lior Bas\OneDrive\Desktop\project\Backend\node_modules\mysql2\lib\commands\command.js:29:26)
    at PoolConnection.handlePacket (C:\Users\Lior Bas\OneDrive\Desktop\project\Backend\node_modules\mysql2\lib\connection.js:481:34)
    at PacketParser.onPacket (C:\Users\Lior Bas\OneDrive\Desktop\project\Backend\node_modules\mysql2\lib\connection.js:97:12)
    at PacketParser.executeStart (C:\Users\Lior Bas\OneDrive\Desktop\project\Backend\node_modules\mysql2\lib\packet_parser.js:75:16)
    at Socket.<anonymous> (C:\Users\Lior Bas\OneDrive\Desktop\project\Backend\node_modules\mysql2\lib\connection.js:104:25)
    at Socket.emit (node:events:518:28)
    at Socket.emit (node:domain:488:12)
    at addChunk (node:internal/streams/readable:559:12)
    at readableAddChunkPushByteMode (node:internal/streams/readable:510:3)
---------------------------------------

Time: Mon Nov 04 2024 19:17:22 GMT+0200 (שעון ישראל (חורף))
Message: Route / on method GET not exist.
Stack: undefined
---------------------------------------

